<?xml version="1.0" encoding="UTF-8"?>
<testng-results skipped="1" failed="1" ignored="0" total="4" passed="2">
  <reporter-output>
    <line>
      <![CDATA[Capturing screenshot]]>
    </line>
    <line>
      <![CDATA[<a target =" _blank" href = Fri_Feb_05_11_05_27_CST_2021.png>Screenshot</a>]]>
    </line>
    <line>
      <![CDATA[<br />]]>
    </line>
    <line>
      <![CDATA[<a target =" _blank" href = Fri_Feb_05_11_05_27_CST_2021.png><img src =Fri_Feb_05_11_05_27_CST_2021.png height ="100" width = "150"></img></a>]]>
    </line>
  </reporter-output>
  <suite name="PageObject with PF " duration-ms="67007" started-at="2021-02-05T17:05:06Z" finished-at="2021-02-05T17:06:13Z">
    <groups>
    </groups>
    <test name="Flight Search Test" duration-ms="25499" started-at="2021-02-05T17:05:06Z" finished-at="2021-02-05T17:05:31Z">
      <class name="com.cheaptickets.testcases.FlightSearchTest">
        <test-method status="FAIL" signature="flightSearchTest(java.util.Hashtable)[pri:0, instance:com.cheaptickets.testcases.FlightSearchTest@1cb346ea]" name="flightSearchTest" duration-ms="20139" started-at="2021-02-05T17:05:06Z" data-provider="dp" finished-at="2021-02-05T17:05:26Z">
          <params>
            <param index="0">
              <value>
                <![CDATA[{returnDate=9/5/20, numAdults=2.0, departDate=9/1/20, Runmode=Y, numChildren=1.0, toCity=Minneapolis, MN (MSP-Minneapolis - St. Paul Intl.), fromCity=New York, NY (JFK-John F. Kennedy Intl.)}]]>
              </value>
            </param>
          </params>
          <exception class="org.openqa.selenium.ElementNotInteractableException">
            <message>
              <![CDATA[Element <select id="flight-age-select-1-hp-flight" class="gcw-storeable gcw-toggles-field-by-value gcw-child-age-select" type="select"> is not reachable by keyboard
Build info: version: '3.141.59', revision: 'e82be7d358', time: '2018-11-14T08:17:03'
System info: host: 'DESKTOP-L49GJNQ', ip: '192.168.1.4', os.name: 'Windows 10', os.arch: 'amd64', os.version: '10.0', java.version: '1.8.0_251'
Driver info: org.openqa.selenium.firefox.FirefoxDriver
Capabilities {acceptInsecureCerts: true, browserName: firefox, browserVersion: 85.0, javascriptEnabled: true, moz:accessibilityChecks: false, moz:buildID: 20210118153634, moz:geckodriverVersion: 0.29.0, moz:headless: false, moz:processID: 25672, moz:profile: C:\Users\posta\AppData\Loca..., moz:shutdownTimeout: 60000, moz:useNonSpecCompliantPointerOrigin: false, moz:webdriverClick: true, pageLoadStrategy: normal, platform: WINDOWS, platformName: WINDOWS, platformVersion: 10.0, rotatable: false, setWindowRect: true, strictFileInteractability: false, timeouts: {implicit: 0, pageLoad: 300000, script: 30000}, unhandledPromptBehavior: dismiss and notify}
Session ID: 5cc04af8-0851-4171-8727-f83678c6f1a7]]>
            </message>
            <full-stacktrace>
              <![CDATA[org.openqa.selenium.ElementNotInteractableException: Element <select id="flight-age-select-1-hp-flight" class="gcw-storeable gcw-toggles-field-by-value gcw-child-age-select" type="select"> is not reachable by keyboard
Build info: version: '3.141.59', revision: 'e82be7d358', time: '2018-11-14T08:17:03'
System info: host: 'DESKTOP-L49GJNQ', ip: '192.168.1.4', os.name: 'Windows 10', os.arch: 'amd64', os.version: '10.0', java.version: '1.8.0_251'
Driver info: org.openqa.selenium.firefox.FirefoxDriver
Capabilities {acceptInsecureCerts: true, browserName: firefox, browserVersion: 85.0, javascriptEnabled: true, moz:accessibilityChecks: false, moz:buildID: 20210118153634, moz:geckodriverVersion: 0.29.0, moz:headless: false, moz:processID: 25672, moz:profile: C:\Users\posta\AppData\Loca..., moz:shutdownTimeout: 60000, moz:useNonSpecCompliantPointerOrigin: false, moz:webdriverClick: true, pageLoadStrategy: normal, platform: WINDOWS, platformName: WINDOWS, platformVersion: 10.0, rotatable: false, setWindowRect: true, strictFileInteractability: false, timeouts: {implicit: 0, pageLoad: 300000, script: 30000}, unhandledPromptBehavior: dismiss and notify}
Session ID: 5cc04af8-0851-4171-8727-f83678c6f1a7
at sun.reflect.NativeConstructorAccessorImpl.newInstance0(Native Method)
at sun.reflect.NativeConstructorAccessorImpl.newInstance(NativeConstructorAccessorImpl.java:62)
at sun.reflect.DelegatingConstructorAccessorImpl.newInstance(DelegatingConstructorAccessorImpl.java:45)
at java.lang.reflect.Constructor.newInstance(Constructor.java:423)
at org.openqa.selenium.remote.http.W3CHttpResponseCodec.createException(W3CHttpResponseCodec.java:187)
at org.openqa.selenium.remote.http.W3CHttpResponseCodec.decode(W3CHttpResponseCodec.java:122)
at org.openqa.selenium.remote.http.W3CHttpResponseCodec.decode(W3CHttpResponseCodec.java:49)
at org.openqa.selenium.remote.HttpCommandExecutor.execute(HttpCommandExecutor.java:158)
at org.openqa.selenium.remote.service.DriverCommandExecutor.execute(DriverCommandExecutor.java:83)
at org.openqa.selenium.remote.RemoteWebDriver.execute(RemoteWebDriver.java:552)
at org.openqa.selenium.remote.RemoteWebElement.execute(RemoteWebElement.java:285)
at org.openqa.selenium.remote.RemoteWebElement.sendKeys(RemoteWebElement.java:106)
at sun.reflect.NativeMethodAccessorImpl.invoke0(Native Method)
at sun.reflect.NativeMethodAccessorImpl.invoke(NativeMethodAccessorImpl.java:62)
at sun.reflect.DelegatingMethodAccessorImpl.invoke(DelegatingMethodAccessorImpl.java:43)
at java.lang.reflect.Method.invoke(Method.java:498)
at org.openqa.selenium.support.pagefactory.internal.LocatingElementHandler.invoke(LocatingElementHandler.java:51)
at com.sun.proxy.$Proxy7.sendKeys(Unknown Source)
at com.cheaptickets.base.Page.type(Page.java:83)
at com.cheaptickets.pages.actions.HomePage.bookFlights(HomePage.java:47)
at com.cheaptickets.testcases.FlightSearchTest.flightSearchTest(FlightSearchTest.java:24)
at sun.reflect.NativeMethodAccessorImpl.invoke0(Native Method)
at sun.reflect.NativeMethodAccessorImpl.invoke(NativeMethodAccessorImpl.java:62)
at sun.reflect.DelegatingMethodAccessorImpl.invoke(DelegatingMethodAccessorImpl.java:43)
at java.lang.reflect.Method.invoke(Method.java:498)
at org.testng.internal.MethodInvocationHelper.invokeMethod(MethodInvocationHelper.java:124)
at org.testng.internal.Invoker.invokeMethod(Invoker.java:583)
at org.testng.internal.Invoker.invokeTestMethod(Invoker.java:719)
at org.testng.internal.Invoker.invokeTestMethods(Invoker.java:989)
at org.testng.internal.TestMethodWorker.invokeTestMethods(TestMethodWorker.java:125)
at org.testng.internal.TestMethodWorker.run(TestMethodWorker.java:109)
at org.testng.TestRunner.privateRun(TestRunner.java:648)
at org.testng.TestRunner.run(TestRunner.java:505)
at org.testng.SuiteRunner.runTest(SuiteRunner.java:455)
at org.testng.SuiteRunner.runSequentially(SuiteRunner.java:450)
at org.testng.SuiteRunner.privateRun(SuiteRunner.java:415)
at org.testng.SuiteRunner.run(SuiteRunner.java:364)
at org.testng.SuiteRunnerWorker.runSuite(SuiteRunnerWorker.java:52)
at org.testng.SuiteRunnerWorker.run(SuiteRunnerWorker.java:84)
at org.testng.TestNG.runSuitesSequentially(TestNG.java:1208)
at org.testng.TestNG.runSuitesLocally(TestNG.java:1137)
at org.testng.TestNG.runSuites(TestNG.java:1049)
at org.testng.TestNG.run(TestNG.java:1017)
at org.apache.maven.surefire.testng.TestNGExecutor.run(TestNGExecutor.java:283)
at org.apache.maven.surefire.testng.TestNGXmlTestSuite.execute(TestNGXmlTestSuite.java:75)
at org.apache.maven.surefire.testng.TestNGProvider.invoke(TestNGProvider.java:120)
at org.apache.maven.surefire.booter.ForkedBooter.invokeProviderInSameClassLoader(ForkedBooter.java:384)
at org.apache.maven.surefire.booter.ForkedBooter.runSuitesInProcess(ForkedBooter.java:345)
at org.apache.maven.surefire.booter.ForkedBooter.execute(ForkedBooter.java:126)
at org.apache.maven.surefire.booter.ForkedBooter.main(ForkedBooter.java:418)
]]>
            </full-stacktrace>
          </exception> <!-- org.openqa.selenium.ElementNotInteractableException -->
          <reporter-output>
            <line>
              <![CDATA[Capturing screenshot]]>
            </line>
            <line>
              <![CDATA[<a target =" _blank" href = Fri_Feb_05_11_05_27_CST_2021.png>Screenshot</a>]]>
            </line>
            <line>
              <![CDATA[<br />]]>
            </line>
            <line>
              <![CDATA[<a target =" _blank" href = Fri_Feb_05_11_05_27_CST_2021.png><img src =Fri_Feb_05_11_05_27_CST_2021.png height ="100" width = "150"></img></a>]]>
            </line>
          </reporter-output>
        </test-method> <!-- flightSearchTest -->
        <test-method status="PASS" signature="tearDown()[pri:0, instance:com.cheaptickets.testcases.FlightSearchTest@1cb346ea]" name="tearDown" is-config="true" duration-ms="3646" started-at="2021-02-05T17:05:28Z" finished-at="2021-02-05T17:05:31Z">
          <reporter-output>
          </reporter-output>
        </test-method> <!-- tearDown -->
      </class> <!-- com.cheaptickets.testcases.FlightSearchTest -->
    </test> <!-- Flight Search Test -->
    <test name="Book Hotel Test" duration-ms="20738" started-at="2021-02-05T17:05:32Z" finished-at="2021-02-05T17:05:52Z">
      <class name="com.cheaptickets.testcases.BookHotelTest">
        <test-method status="PASS" signature="bookHotelTest(java.util.Hashtable)[pri:0, instance:com.cheaptickets.testcases.BookHotelTest@48c76607]" name="bookHotelTest" duration-ms="17328" started-at="2021-02-05T17:05:32Z" data-provider="dp" finished-at="2021-02-05T17:05:49Z">
          <params>
            <param index="0">
              <value>
                <![CDATA[{adults=3.0, children=2.0, checkout=9/3/20, checkin=9/1/20, Runmode=Y, rooms=2.0, city=Downtown Minneapolis}]]>
              </value>
            </param>
          </params>
          <reporter-output>
          </reporter-output>
        </test-method> <!-- bookHotelTest -->
        <test-method status="PASS" signature="tearDown()[pri:0, instance:com.cheaptickets.testcases.BookHotelTest@48c76607]" name="tearDown" is-config="true" duration-ms="3405" started-at="2021-02-05T17:05:49Z" finished-at="2021-02-05T17:05:52Z">
          <reporter-output>
          </reporter-output>
        </test-method> <!-- tearDown -->
      </class> <!-- com.cheaptickets.testcases.BookHotelTest -->
    </test> <!-- Book Hotel Test -->
    <test name="Sign In Test" duration-ms="20152" started-at="2021-02-05T17:05:53Z" finished-at="2021-02-05T17:06:13Z">
      <class name="com.cheaptickets.testcases.SignInTest">
        <test-method status="PASS" signature="signinTest(java.util.Hashtable)[pri:0, instance:com.cheaptickets.testcases.SignInTest@55c53a33]" name="signinTest" duration-ms="16442" started-at="2021-02-05T17:05:53Z" data-provider="dp" finished-at="2021-02-05T17:06:09Z">
          <params>
            <param index="0">
              <value>
                <![CDATA[{password=jptjpt456, Runmode=Y, username=Jake@gmail.com}]]>
              </value>
            </param>
          </params>
          <reporter-output>
          </reporter-output>
        </test-method> <!-- signinTest -->
        <test-method status="PASS" signature="tearDown()[pri:0, instance:com.cheaptickets.testcases.SignInTest@55c53a33]" name="tearDown" is-config="true" duration-ms="3704" started-at="2021-02-05T17:06:09Z" finished-at="2021-02-05T17:06:13Z">
          <reporter-output>
          </reporter-output>
        </test-method> <!-- tearDown -->
        <test-method status="SKIP" signature="signinTest(java.util.Hashtable)[pri:0, instance:com.cheaptickets.testcases.SignInTest@55c53a33]" name="signinTest" duration-ms="0" started-at="2021-02-05T17:06:13Z" data-provider="dp" finished-at="2021-02-05T17:06:13Z">
          <params>
            <param index="0">
              <value>
                <![CDATA[{password=jptjpt789, Runmode=N, username=Blake@gmail.com}]]>
              </value>
            </param>
          </params>
          <exception class="org.testng.SkipException">
            <message>
              <![CDATA[Skipped the test as the runmode is set to No]]>
            </message>
            <full-stacktrace>
              <![CDATA[org.testng.SkipException: Skipped the test as the runmode is set to No
at com.cheaptickets.testcases.SignInTest.signinTest(SignInTest.java:19)
at sun.reflect.NativeMethodAccessorImpl.invoke0(Native Method)
at sun.reflect.NativeMethodAccessorImpl.invoke(NativeMethodAccessorImpl.java:62)
at sun.reflect.DelegatingMethodAccessorImpl.invoke(DelegatingMethodAccessorImpl.java:43)
at java.lang.reflect.Method.invoke(Method.java:498)
at org.testng.internal.MethodInvocationHelper.invokeMethod(MethodInvocationHelper.java:124)
at org.testng.internal.Invoker.invokeMethod(Invoker.java:583)
at org.testng.internal.Invoker.invokeTestMethod(Invoker.java:719)
at org.testng.internal.Invoker.invokeTestMethods(Invoker.java:989)
at org.testng.internal.TestMethodWorker.invokeTestMethods(TestMethodWorker.java:125)
at org.testng.internal.TestMethodWorker.run(TestMethodWorker.java:109)
at org.testng.TestRunner.privateRun(TestRunner.java:648)
at org.testng.TestRunner.run(TestRunner.java:505)
at org.testng.SuiteRunner.runTest(SuiteRunner.java:455)
at org.testng.SuiteRunner.runSequentially(SuiteRunner.java:450)
at org.testng.SuiteRunner.privateRun(SuiteRunner.java:415)
at org.testng.SuiteRunner.run(SuiteRunner.java:364)
at org.testng.SuiteRunnerWorker.runSuite(SuiteRunnerWorker.java:52)
at org.testng.SuiteRunnerWorker.run(SuiteRunnerWorker.java:84)
at org.testng.TestNG.runSuitesSequentially(TestNG.java:1208)
at org.testng.TestNG.runSuitesLocally(TestNG.java:1137)
at org.testng.TestNG.runSuites(TestNG.java:1049)
at org.testng.TestNG.run(TestNG.java:1017)
at org.apache.maven.surefire.testng.TestNGExecutor.run(TestNGExecutor.java:283)
at org.apache.maven.surefire.testng.TestNGXmlTestSuite.execute(TestNGXmlTestSuite.java:75)
at org.apache.maven.surefire.testng.TestNGProvider.invoke(TestNGProvider.java:120)
at org.apache.maven.surefire.booter.ForkedBooter.invokeProviderInSameClassLoader(ForkedBooter.java:384)
at org.apache.maven.surefire.booter.ForkedBooter.runSuitesInProcess(ForkedBooter.java:345)
at org.apache.maven.surefire.booter.ForkedBooter.execute(ForkedBooter.java:126)
at org.apache.maven.surefire.booter.ForkedBooter.main(ForkedBooter.java:418)
]]>
            </full-stacktrace>
          </exception> <!-- org.testng.SkipException -->
          <reporter-output>
          </reporter-output>
        </test-method> <!-- signinTest -->
        <test-method status="PASS" signature="tearDown()[pri:0, instance:com.cheaptickets.testcases.SignInTest@55c53a33]" name="tearDown" is-config="true" duration-ms="1" started-at="2021-02-05T17:06:13Z" finished-at="2021-02-05T17:06:13Z">
          <reporter-output>
          </reporter-output>
        </test-method> <!-- tearDown -->
      </class> <!-- com.cheaptickets.testcases.SignInTest -->
    </test> <!-- Sign In Test -->
  </suite> <!-- PageObject with PF  -->
</testng-results>
